mode: count
_/mnt/c/Users/mamerric/Code/azure-container-networking/log/logger.go:61.60,74.2 10 2
_/mnt/c/Users/mamerric/Code/azure-container-networking/log/logger.go:77.44,79.2 1 0
_/mnt/c/Users/mamerric/Code/azure-container-networking/log/logger.go:82.43,84.2 1 0
_/mnt/c/Users/mamerric/Code/azure-container-networking/log/logger.go:87.75,90.2 2 1
_/mnt/c/Users/mamerric/Code/azure-container-networking/log/logger.go:93.60,95.2 1 0
_/mnt/c/Users/mamerric/Code/azure-container-networking/log/logger.go:98.31,99.23 1 1
_/mnt/c/Users/mamerric/Code/azure-container-networking/log/logger.go:99.23,101.3 1 1
_/mnt/c/Users/mamerric/Code/azure-container-networking/log/logger.go:105.60,107.2 1 0
_/mnt/c/Users/mamerric/Code/azure-container-networking/log/logger.go:110.48,111.28 1 3
_/mnt/c/Users/mamerric/Code/azure-container-networking/log/logger.go:115.2,115.16 1 3
_/mnt/c/Users/mamerric/Code/azure-container-networking/log/logger.go:111.28,113.3 1 0
_/mnt/c/Users/mamerric/Code/azure-container-networking/log/logger.go:119.47,122.28 2 18
_/mnt/c/Users/mamerric/Code/azure-container-networking/log/logger.go:128.2,128.20 1 18
_/mnt/c/Users/mamerric/Code/azure-container-networking/log/logger.go:122.28,124.3 1 0
_/mnt/c/Users/mamerric/Code/azure-container-networking/log/logger.go:124.8,126.3 1 18
_/mnt/c/Users/mamerric/Code/azure-container-networking/log/logger.go:132.32,134.57 1 13
_/mnt/c/Users/mamerric/Code/azure-container-networking/log/logger.go:138.2,140.16 3 13
_/mnt/c/Users/mamerric/Code/azure-container-networking/log/logger.go:146.2,146.50 1 13
_/mnt/c/Users/mamerric/Code/azure-container-networking/log/logger.go:134.57,136.3 1 0
_/mnt/c/Users/mamerric/Code/azure-container-networking/log/logger.go:140.16,143.3 2 0
_/mnt/c/Users/mamerric/Code/azure-container-networking/log/logger.go:146.50,151.49 3 4
_/mnt/c/Users/mamerric/Code/azure-container-networking/log/logger.go:164.3,164.34 1 4
_/mnt/c/Users/mamerric/Code/azure-container-networking/log/logger.go:151.49,153.14 2 8
_/mnt/c/Users/mamerric/Code/azure-container-networking/log/logger.go:158.4,158.17 1 8
_/mnt/c/Users/mamerric/Code/azure-container-networking/log/logger.go:153.14,155.5 1 4
_/mnt/c/Users/mamerric/Code/azure-container-networking/log/logger.go:155.10,157.5 1 4
_/mnt/c/Users/mamerric/Code/azure-container-networking/log/logger.go:158.17,160.5 1 4
_/mnt/c/Users/mamerric/Code/azure-container-networking/log/logger.go:169.75,170.16 1 0
_/mnt/c/Users/mamerric/Code/azure-container-networking/log/logger.go:170.16,172.3 1 0
_/mnt/c/Users/mamerric/Code/azure-container-networking/log/logger.go:172.8,174.3 1 0
_/mnt/c/Users/mamerric/Code/azure-container-networking/log/logger.go:178.111,179.35 1 0
_/mnt/c/Users/mamerric/Code/azure-container-networking/log/logger.go:179.35,181.3 1 0
_/mnt/c/Users/mamerric/Code/azure-container-networking/log/logger.go:181.8,181.23 1 0
_/mnt/c/Users/mamerric/Code/azure-container-networking/log/logger.go:181.23,183.3 1 0
_/mnt/c/Users/mamerric/Code/azure-container-networking/log/logger.go:183.8,185.3 1 0
_/mnt/c/Users/mamerric/Code/azure-container-networking/log/logger.go:189.64,190.44 1 100
_/mnt/c/Users/mamerric/Code/azure-container-networking/log/logger.go:194.2,195.34 2 100
_/mnt/c/Users/mamerric/Code/azure-container-networking/log/logger.go:190.44,192.3 1 13
_/mnt/c/Users/mamerric/Code/azure-container-networking/log/logger.go:199.66,200.31 1 100
_/mnt/c/Users/mamerric/Code/azure-container-networking/log/logger.go:200.31,204.3 3 100
_/mnt/c/Users/mamerric/Code/azure-container-networking/log/logger.go:208.66,209.32 1 0
_/mnt/c/Users/mamerric/Code/azure-container-networking/log/logger.go:209.32,213.3 3 0
_/mnt/c/Users/mamerric/Code/azure-container-networking/log/logger.go:217.66,219.12 2 0
_/mnt/c/Users/mamerric/Code/azure-container-networking/log/logger.go:219.12,221.3 1 0
_/mnt/c/Users/mamerric/Code/azure-container-networking/log/logger_linux.go:20.51,23.16 2 6
_/mnt/c/Users/mamerric/Code/azure-container-networking/log/logger_linux.go:48.2,48.16 1 6
_/mnt/c/Users/mamerric/Code/azure-container-networking/log/logger_linux.go:53.2,53.12 1 6
_/mnt/c/Users/mamerric/Code/azure-container-networking/log/logger_linux.go:24.20,25.25 1 0
_/mnt/c/Users/mamerric/Code/azure-container-networking/log/logger_linux.go:27.20,28.25 1 1
_/mnt/c/Users/mamerric/Code/azure-container-networking/log/logger_linux.go:30.20,31.59 1 0
_/mnt/c/Users/mamerric/Code/azure-container-networking/log/logger_linux.go:33.21,34.105 1 5
_/mnt/c/Users/mamerric/Code/azure-container-networking/log/logger_linux.go:36.30,38.17 2 0
_/mnt/c/Users/mamerric/Code/azure-container-networking/log/logger_linux.go:44.10,45.52 1 0
_/mnt/c/Users/mamerric/Code/azure-container-networking/log/logger_linux.go:38.17,42.4 3 0
_/mnt/c/Users/mamerric/Code/azure-container-networking/log/logger_linux.go:48.16,51.3 2 6
_/mnt/c/Users/mamerric/Code/azure-container-networking/log/stdapi.go:10.23,12.2 1 0
_/mnt/c/Users/mamerric/Code/azure-container-networking/log/stdapi.go:14.27,16.2 1 0
_/mnt/c/Users/mamerric/Code/azure-container-networking/log/stdapi.go:18.34,20.2 1 0
_/mnt/c/Users/mamerric/Code/azure-container-networking/log/stdapi.go:22.26,24.2 1 0
_/mnt/c/Users/mamerric/Code/azure-container-networking/log/stdapi.go:26.58,28.2 1 0
_/mnt/c/Users/mamerric/Code/azure-container-networking/log/stdapi.go:30.14,32.2 1 0
_/mnt/c/Users/mamerric/Code/azure-container-networking/log/stdapi.go:34.43,36.2 1 0
_/mnt/c/Users/mamerric/Code/azure-container-networking/log/stdapi.go:38.31,40.2 1 0
_/mnt/c/Users/mamerric/Code/azure-container-networking/log/stdapi.go:42.58,44.2 1 0
_/mnt/c/Users/mamerric/Code/azure-container-networking/log/stdapi.go:46.94,48.2 1 0
_/mnt/c/Users/mamerric/Code/azure-container-networking/log/stdapi.go:50.49,52.2 1 0
_/mnt/c/Users/mamerric/Code/azure-container-networking/log/stdapi.go:54.49,56.2 1 0
_/mnt/c/Users/mamerric/Code/azure-container-networking/log/stdapi.go:58.49,60.2 1 0
_/mnt/c/Users/mamerric/Code/azure-container-networking/ipam/azure.go:35.75,37.20 2 0
_/mnt/c/Users/mamerric/Code/azure-container-networking/ipam/azure.go:41.2,43.24 3 0
_/mnt/c/Users/mamerric/Code/azure-container-networking/ipam/azure.go:47.2,51.8 1 0
_/mnt/c/Users/mamerric/Code/azure-container-networking/ipam/azure.go:37.20,39.3 1 0
_/mnt/c/Users/mamerric/Code/azure-container-networking/ipam/azure.go:43.24,45.3 1 0
_/mnt/c/Users/mamerric/Code/azure-container-networking/ipam/azure.go:55.59,58.2 2 0
_/mnt/c/Users/mamerric/Code/azure-container-networking/ipam/azure.go:61.30,64.2 2 0
_/mnt/c/Users/mamerric/Code/azure-container-networking/ipam/azure.go:67.39,70.49 1 0
_/mnt/c/Users/mamerric/Code/azure-container-networking/ipam/azure.go:73.2,77.16 3 0
_/mnt/c/Users/mamerric/Code/azure-container-networking/ipam/azure.go:82.2,83.16 2 0
_/mnt/c/Users/mamerric/Code/azure-container-networking/ipam/azure.go:88.2,89.16 2 0
_/mnt/c/Users/mamerric/Code/azure-container-networking/ipam/azure.go:93.2,99.16 5 0
_/mnt/c/Users/mamerric/Code/azure-container-networking/ipam/azure.go:104.2,104.34 1 0
_/mnt/c/Users/mamerric/Code/azure-container-networking/ipam/azure.go:163.2,165.12 2 0
_/mnt/c/Users/mamerric/Code/azure-container-networking/ipam/azure.go:70.49,72.3 1 0
_/mnt/c/Users/mamerric/Code/azure-container-networking/ipam/azure.go:77.16,79.3 1 0
_/mnt/c/Users/mamerric/Code/azure-container-networking/ipam/azure.go:83.16,85.3 1 0
_/mnt/c/Users/mamerric/Code/azure-container-networking/ipam/azure.go:89.16,91.3 1 0
_/mnt/c/Users/mamerric/Code/azure-container-networking/ipam/azure.go:99.16,101.3 1 0
_/mnt/c/Users/mamerric/Code/azure-container-networking/ipam/azure.go:104.34,110.36 4 0
_/mnt/c/Users/mamerric/Code/azure-container-networking/ipam/azure.go:125.3,125.19 1 0
_/mnt/c/Users/mamerric/Code/azure-container-networking/ipam/azure.go:131.3,131.32 1 0
_/mnt/c/Users/mamerric/Code/azure-container-networking/ipam/azure.go:110.36,113.54 3 0
_/mnt/c/Users/mamerric/Code/azure-container-networking/ipam/azure.go:113.54,117.21 2 0
_/mnt/c/Users/mamerric/Code/azure-container-networking/ipam/azure.go:120.5,120.10 1 0
_/mnt/c/Users/mamerric/Code/azure-container-networking/ipam/azure.go:117.21,119.6 1 0
_/mnt/c/Users/mamerric/Code/azure-container-networking/ipam/azure.go:125.19,127.12 2 0
_/mnt/c/Users/mamerric/Code/azure-container-networking/ipam/azure.go:131.32,133.18 2 0
_/mnt/c/Users/mamerric/Code/azure-container-networking/ipam/azure.go:138.4,139.18 2 0
_/mnt/c/Users/mamerric/Code/azure-container-networking/ipam/azure.go:145.4,145.34 1 0
_/mnt/c/Users/mamerric/Code/azure-container-networking/ipam/azure.go:133.18,135.13 2 0
_/mnt/c/Users/mamerric/Code/azure-container-networking/ipam/azure.go:139.18,141.13 2 0
_/mnt/c/Users/mamerric/Code/azure-container-networking/ipam/azure.go:145.34,147.20 1 0
_/mnt/c/Users/mamerric/Code/azure-container-networking/ipam/azure.go:151.5,154.19 3 0
_/mnt/c/Users/mamerric/Code/azure-container-networking/ipam/azure.go:147.20,148.14 1 0
_/mnt/c/Users/mamerric/Code/azure-container-networking/ipam/azure.go:154.19,156.14 2 0
_/mnt/c/Users/mamerric/Code/azure-container-networking/ipam/manager.go:64.50,70.2 2 5
_/mnt/c/Users/mamerric/Code/azure-container-networking/ipam/manager.go:73.105,80.16 5 5
_/mnt/c/Users/mamerric/Code/azure-container-networking/ipam/manager.go:85.2,87.12 2 5
_/mnt/c/Users/mamerric/Code/azure-container-networking/ipam/manager.go:80.16,82.3 1 0
_/mnt/c/Users/mamerric/Code/azure-container-networking/ipam/manager.go:91.42,93.2 1 0
_/mnt/c/Users/mamerric/Code/azure-container-networking/ipam/manager.go:96.43,98.21 1 5
_/mnt/c/Users/mamerric/Code/azure-container-networking/ipam/manager.go:103.2,107.16 3 0
_/mnt/c/Users/mamerric/Code/azure-container-networking/ipam/manager.go:118.2,119.16 2 0
_/mnt/c/Users/mamerric/Code/azure-container-networking/ipam/manager.go:130.2,130.35 1 0
_/mnt/c/Users/mamerric/Code/azure-container-networking/ipam/manager.go:144.2,144.14 1 0
_/mnt/c/Users/mamerric/Code/azure-container-networking/ipam/manager.go:158.2,160.12 2 0
_/mnt/c/Users/mamerric/Code/azure-container-networking/ipam/manager.go:98.21,101.3 2 5
_/mnt/c/Users/mamerric/Code/azure-container-networking/ipam/manager.go:107.16,111.46 3 0
_/mnt/c/Users/mamerric/Code/azure-container-networking/ipam/manager.go:111.46,114.4 2 0
_/mnt/c/Users/mamerric/Code/azure-container-networking/ipam/manager.go:119.16,120.34 1 0
_/mnt/c/Users/mamerric/Code/azure-container-networking/ipam/manager.go:120.34,123.4 2 0
_/mnt/c/Users/mamerric/Code/azure-container-networking/ipam/manager.go:123.9,126.4 2 0
_/mnt/c/Users/mamerric/Code/azure-container-networking/ipam/manager.go:130.35,131.31 1 0
_/mnt/c/Users/mamerric/Code/azure-container-networking/ipam/manager.go:131.31,135.36 3 0
_/mnt/c/Users/mamerric/Code/azure-container-networking/ipam/manager.go:135.36,136.20 1 0
_/mnt/c/Users/mamerric/Code/azure-container-networking/ipam/manager.go:136.20,138.6 1 0
_/mnt/c/Users/mamerric/Code/azure-container-networking/ipam/manager.go:144.14,146.36 2 0
_/mnt/c/Users/mamerric/Code/azure-container-networking/ipam/manager.go:146.36,147.32 1 0
_/mnt/c/Users/mamerric/Code/azure-container-networking/ipam/manager.go:147.32,151.37 3 0
_/mnt/c/Users/mamerric/Code/azure-container-networking/ipam/manager.go:151.37,153.6 1 0
_/mnt/c/Users/mamerric/Code/azure-container-networking/ipam/manager.go:164.40,166.21 1 25
_/mnt/c/Users/mamerric/Code/azure-container-networking/ipam/manager.go:171.2,174.16 3 0
_/mnt/c/Users/mamerric/Code/azure-container-networking/ipam/manager.go:179.2,179.12 1 0
_/mnt/c/Users/mamerric/Code/azure-container-networking/ipam/manager.go:166.21,168.3 1 25
_/mnt/c/Users/mamerric/Code/azure-container-networking/ipam/manager.go:174.16,176.3 1 0
_/mnt/c/Users/mamerric/Code/azure-container-networking/ipam/manager.go:176.8,178.3 1 0
_/mnt/c/Users/mamerric/Code/azure-container-networking/ipam/manager.go:183.77,188.21 3 5
_/mnt/c/Users/mamerric/Code/azure-container-networking/ipam/manager.go:205.2,205.22 1 5
_/mnt/c/Users/mamerric/Code/azure-container-networking/ipam/manager.go:210.2,210.16 1 5
_/mnt/c/Users/mamerric/Code/azure-container-networking/ipam/manager.go:214.2,214.12 1 5
_/mnt/c/Users/mamerric/Code/azure-container-networking/ipam/manager.go:189.34,190.43 1 0
_/mnt/c/Users/mamerric/Code/azure-container-networking/ipam/manager.go:192.32,193.41 1 0
_/mnt/c/Users/mamerric/Code/azure-container-networking/ipam/manager.go:195.14,196.35 1 0
_/mnt/c/Users/mamerric/Code/azure-container-networking/ipam/manager.go:198.10,199.18 1 5
_/mnt/c/Users/mamerric/Code/azure-container-networking/ipam/manager.go:201.10,202.33 1 0
_/mnt/c/Users/mamerric/Code/azure-container-networking/ipam/manager.go:205.22,208.3 2 0
_/mnt/c/Users/mamerric/Code/azure-container-networking/ipam/manager.go:210.16,212.3 1 0
_/mnt/c/Users/mamerric/Code/azure-container-networking/ipam/manager.go:218.40,219.22 1 0
_/mnt/c/Users/mamerric/Code/azure-container-networking/ipam/manager.go:219.22,222.3 2 0
_/mnt/c/Users/mamerric/Code/azure-container-networking/ipam/manager.go:226.43,227.22 1 16
_/mnt/c/Users/mamerric/Code/azure-container-networking/ipam/manager.go:227.22,230.17 3 0
_/mnt/c/Users/mamerric/Code/azure-container-networking/ipam/manager.go:230.17,232.4 1 0
_/mnt/c/Users/mamerric/Code/azure-container-networking/ipam/manager.go:243.70,252.18 6 1
_/mnt/c/Users/mamerric/Code/azure-container-networking/ipam/manager.go:256.2,257.19 2 1
_/mnt/c/Users/mamerric/Code/azure-container-networking/ipam/manager.go:261.2,261.26 1 1
_/mnt/c/Users/mamerric/Code/azure-container-networking/ipam/manager.go:252.18,254.3 1 1
_/mnt/c/Users/mamerric/Code/azure-container-networking/ipam/manager.go:257.19,259.3 1 1
_/mnt/c/Users/mamerric/Code/azure-container-networking/ipam/manager.go:265.131,272.16 5 5
_/mnt/c/Users/mamerric/Code/azure-container-networking/ipam/manager.go:276.2,277.16 2 5
_/mnt/c/Users/mamerric/Code/azure-container-networking/ipam/manager.go:281.2,282.16 2 5
_/mnt/c/Users/mamerric/Code/azure-container-networking/ipam/manager.go:286.2,286.43 1 5
_/mnt/c/Users/mamerric/Code/azure-container-networking/ipam/manager.go:272.16,274.3 1 0
_/mnt/c/Users/mamerric/Code/azure-container-networking/ipam/manager.go:277.16,279.3 1 0
_/mnt/c/Users/mamerric/Code/azure-container-networking/ipam/manager.go:282.16,284.3 1 0
_/mnt/c/Users/mamerric/Code/azure-container-networking/ipam/manager.go:290.73,297.16 5 6
_/mnt/c/Users/mamerric/Code/azure-container-networking/ipam/manager.go:301.2,302.16 2 6
_/mnt/c/Users/mamerric/Code/azure-container-networking/ipam/manager.go:306.2,307.16 2 5
_/mnt/c/Users/mamerric/Code/azure-container-networking/ipam/manager.go:311.2,311.12 1 5
_/mnt/c/Users/mamerric/Code/azure-container-networking/ipam/manager.go:297.16,299.3 1 0
_/mnt/c/Users/mamerric/Code/azure-container-networking/ipam/manager.go:302.16,304.3 1 1
_/mnt/c/Users/mamerric/Code/azure-container-networking/ipam/manager.go:307.16,309.3 1 0
_/mnt/c/Users/mamerric/Code/azure-container-networking/ipam/manager.go:315.93,320.16 4 0
_/mnt/c/Users/mamerric/Code/azure-container-networking/ipam/manager.go:324.2,325.16 2 0
_/mnt/c/Users/mamerric/Code/azure-container-networking/ipam/manager.go:329.2,329.26 1 0
_/mnt/c/Users/mamerric/Code/azure-container-networking/ipam/manager.go:320.16,322.3 1 0
_/mnt/c/Users/mamerric/Code/azure-container-networking/ipam/manager.go:325.16,327.3 1 0
_/mnt/c/Users/mamerric/Code/azure-container-networking/ipam/manager.go:333.115,340.16 5 2
_/mnt/c/Users/mamerric/Code/azure-container-networking/ipam/manager.go:344.2,345.16 2 2
_/mnt/c/Users/mamerric/Code/azure-container-networking/ipam/manager.go:349.2,350.16 2 2
_/mnt/c/Users/mamerric/Code/azure-container-networking/ipam/manager.go:354.2,355.16 2 2
_/mnt/c/Users/mamerric/Code/azure-container-networking/ipam/manager.go:359.2,359.18 1 2
_/mnt/c/Users/mamerric/Code/azure-container-networking/ipam/manager.go:340.16,342.3 1 0
_/mnt/c/Users/mamerric/Code/azure-container-networking/ipam/manager.go:345.16,347.3 1 0
_/mnt/c/Users/mamerric/Code/azure-container-networking/ipam/manager.go:350.16,352.3 1 0
_/mnt/c/Users/mamerric/Code/azure-container-networking/ipam/manager.go:355.16,357.3 1 0
_/mnt/c/Users/mamerric/Code/azure-container-networking/ipam/manager.go:363.119,370.16 5 2
_/mnt/c/Users/mamerric/Code/azure-container-networking/ipam/manager.go:374.2,375.16 2 2
_/mnt/c/Users/mamerric/Code/azure-container-networking/ipam/manager.go:379.2,380.16 2 2
_/mnt/c/Users/mamerric/Code/azure-container-networking/ipam/manager.go:384.2,385.16 2 2
_/mnt/c/Users/mamerric/Code/azure-container-networking/ipam/manager.go:389.2,389.12 1 2
_/mnt/c/Users/mamerric/Code/azure-container-networking/ipam/manager.go:370.16,372.3 1 0
_/mnt/c/Users/mamerric/Code/azure-container-networking/ipam/manager.go:375.16,377.3 1 0
_/mnt/c/Users/mamerric/Code/azure-container-networking/ipam/manager.go:380.16,382.3 1 0
_/mnt/c/Users/mamerric/Code/azure-container-networking/ipam/manager.go:385.16,387.3 1 0
_/mnt/c/Users/mamerric/Code/azure-container-networking/ipam/mas.go:46.71,48.20 2 0
_/mnt/c/Users/mamerric/Code/azure-container-networking/ipam/mas.go:52.2,54.24 3 0
_/mnt/c/Users/mamerric/Code/azure-container-networking/ipam/mas.go:58.2,62.8 1 0
_/mnt/c/Users/mamerric/Code/azure-container-networking/ipam/mas.go:48.20,50.3 1 0
_/mnt/c/Users/mamerric/Code/azure-container-networking/ipam/mas.go:54.24,56.3 1 0
_/mnt/c/Users/mamerric/Code/azure-container-networking/ipam/mas.go:66.57,69.2 2 0
_/mnt/c/Users/mamerric/Code/azure-container-networking/ipam/mas.go:72.28,75.2 2 0
_/mnt/c/Users/mamerric/Code/azure-container-networking/ipam/mas.go:78.37,81.49 1 0
_/mnt/c/Users/mamerric/Code/azure-container-networking/ipam/mas.go:84.2,88.16 3 0
_/mnt/c/Users/mamerric/Code/azure-container-networking/ipam/mas.go:93.2,94.16 2 0
_/mnt/c/Users/mamerric/Code/azure-container-networking/ipam/mas.go:98.2,104.16 5 0
_/mnt/c/Users/mamerric/Code/azure-container-networking/ipam/mas.go:109.2,109.28 1 0
_/mnt/c/Users/mamerric/Code/azure-container-networking/ipam/mas.go:130.2,132.12 2 0
_/mnt/c/Users/mamerric/Code/azure-container-networking/ipam/mas.go:81.49,83.3 1 0
_/mnt/c/Users/mamerric/Code/azure-container-networking/ipam/mas.go:88.16,90.3 1 0
_/mnt/c/Users/mamerric/Code/azure-container-networking/ipam/mas.go:94.16,96.3 1 0
_/mnt/c/Users/mamerric/Code/azure-container-networking/ipam/mas.go:104.16,106.3 1 0
_/mnt/c/Users/mamerric/Code/azure-container-networking/ipam/mas.go:109.28,117.17 4 0
_/mnt/c/Users/mamerric/Code/azure-container-networking/ipam/mas.go:122.3,123.17 2 0
_/mnt/c/Users/mamerric/Code/azure-container-networking/ipam/mas.go:117.17,119.12 2 0
_/mnt/c/Users/mamerric/Code/azure-container-networking/ipam/mas.go:123.17,125.12 2 0
_/mnt/c/Users/mamerric/Code/azure-container-networking/ipam/null.go:18.43,22.2 1 0
_/mnt/c/Users/mamerric/Code/azure-container-networking/ipam/null.go:25.58,28.2 2 0
_/mnt/c/Users/mamerric/Code/azure-container-networking/ipam/null.go:31.29,34.2 2 0
_/mnt/c/Users/mamerric/Code/azure-container-networking/ipam/null.go:37.38,40.27 1 0
_/mnt/c/Users/mamerric/Code/azure-container-networking/ipam/null.go:43.2,47.16 3 0
_/mnt/c/Users/mamerric/Code/azure-container-networking/ipam/null.go:51.2,57.16 3 0
_/mnt/c/Users/mamerric/Code/azure-container-networking/ipam/null.go:62.2,64.12 2 0
_/mnt/c/Users/mamerric/Code/azure-container-networking/ipam/null.go:40.27,42.3 1 0
_/mnt/c/Users/mamerric/Code/azure-container-networking/ipam/null.go:47.16,49.3 1 0
_/mnt/c/Users/mamerric/Code/azure-container-networking/ipam/null.go:57.16,59.3 1 0
_/mnt/c/Users/mamerric/Code/azure-container-networking/ipam/pool.go:92.86,98.2 1 0
_/mnt/c/Users/mamerric/Code/azure-container-networking/ipam/pool.go:101.67,105.16 3 0
_/mnt/c/Users/mamerric/Code/azure-container-networking/ipam/pool.go:109.2,110.17 2 0
_/mnt/c/Users/mamerric/Code/azure-container-networking/ipam/pool.go:113.2,113.17 1 0
_/mnt/c/Users/mamerric/Code/azure-container-networking/ipam/pool.go:117.2,117.18 1 0
_/mnt/c/Users/mamerric/Code/azure-container-networking/ipam/pool.go:105.16,107.3 1 0
_/mnt/c/Users/mamerric/Code/azure-container-networking/ipam/pool.go:110.17,112.3 1 0
_/mnt/c/Users/mamerric/Code/azure-container-networking/ipam/pool.go:113.17,115.3 1 0
_/mnt/c/Users/mamerric/Code/azure-container-networking/ipam/pool.go:121.43,123.27 2 0
_/mnt/c/Users/mamerric/Code/azure-container-networking/ipam/pool.go:126.2,126.10 1 0
_/mnt/c/Users/mamerric/Code/azure-container-networking/ipam/pool.go:123.27,125.3 1 0
_/mnt/c/Users/mamerric/Code/azure-container-networking/ipam/pool.go:134.88,135.49 1 11
_/mnt/c/Users/mamerric/Code/azure-container-networking/ipam/pool.go:139.2,143.8 1 11
_/mnt/c/Users/mamerric/Code/azure-container-networking/ipam/pool.go:135.49,137.3 1 0
_/mnt/c/Users/mamerric/Code/azure-container-networking/ipam/pool.go:147.77,149.15 2 16
_/mnt/c/Users/mamerric/Code/azure-container-networking/ipam/pool.go:153.2,153.16 1 16
_/mnt/c/Users/mamerric/Code/azure-container-networking/ipam/pool.go:149.15,151.3 1 0
_/mnt/c/Users/mamerric/Code/azure-container-networking/ipam/pool.go:157.67,159.9 2 11
_/mnt/c/Users/mamerric/Code/azure-container-networking/ipam/pool.go:166.2,166.22 1 11
_/mnt/c/Users/mamerric/Code/azure-container-networking/ipam/pool.go:172.2,174.12 2 11
_/mnt/c/Users/mamerric/Code/azure-container-networking/ipam/pool.go:159.9,161.3 1 10
_/mnt/c/Users/mamerric/Code/azure-container-networking/ipam/pool.go:161.8,163.3 1 1
_/mnt/c/Users/mamerric/Code/azure-container-networking/ipam/pool.go:166.22,167.31 1 0
_/mnt/c/Users/mamerric/Code/azure-container-networking/ipam/pool.go:167.31,169.4 1 0
_/mnt/c/Users/mamerric/Code/azure-container-networking/ipam/pool.go:178.52,183.34 2 1
_/mnt/c/Users/mamerric/Code/azure-container-networking/ipam/pool.go:220.2,220.31 1 1
_/mnt/c/Users/mamerric/Code/azure-container-networking/ipam/pool.go:245.2,245.8 1 1
_/mnt/c/Users/mamerric/Code/azure-container-networking/ipam/pool.go:183.34,186.16 2 2
_/mnt/c/Users/mamerric/Code/azure-container-networking/ipam/pool.go:215.3,215.26 1 2
_/mnt/c/Users/mamerric/Code/azure-container-networking/ipam/pool.go:186.16,192.4 3 1
_/mnt/c/Users/mamerric/Code/azure-container-networking/ipam/pool.go:192.9,195.37 1 1
_/mnt/c/Users/mamerric/Code/azure-container-networking/ipam/pool.go:212.4,212.15 1 1
_/mnt/c/Users/mamerric/Code/azure-container-networking/ipam/pool.go:195.37,198.18 2 2
_/mnt/c/Users/mamerric/Code/azure-container-networking/ipam/pool.go:209.5,209.29 1 2
_/mnt/c/Users/mamerric/Code/azure-container-networking/ipam/pool.go:198.18,203.6 2 1
_/mnt/c/Users/mamerric/Code/azure-container-networking/ipam/pool.go:203.11,207.6 2 1
_/mnt/c/Users/mamerric/Code/azure-container-networking/ipam/pool.go:220.31,221.26 1 3
_/mnt/c/Users/mamerric/Code/azure-container-networking/ipam/pool.go:221.26,223.37 1 2
_/mnt/c/Users/mamerric/Code/azure-container-networking/ipam/pool.go:238.4,238.44 1 2
_/mnt/c/Users/mamerric/Code/azure-container-networking/ipam/pool.go:223.37,224.29 1 4
_/mnt/c/Users/mamerric/Code/azure-container-networking/ipam/pool.go:224.29,227.6 1 2
_/mnt/c/Users/mamerric/Code/azure-container-networking/ipam/pool.go:227.11,227.24 1 2
_/mnt/c/Users/mamerric/Code/azure-container-networking/ipam/pool.go:227.24,231.6 2 0
_/mnt/c/Users/mamerric/Code/azure-container-networking/ipam/pool.go:231.11,234.6 1 2
_/mnt/c/Users/mamerric/Code/azure-container-networking/ipam/pool.go:238.44,241.5 2 1
_/mnt/c/Users/mamerric/Code/azure-container-networking/ipam/pool.go:249.110,253.8 3 12
_/mnt/c/Users/mamerric/Code/azure-container-networking/ipam/pool.go:257.2,274.18 4 12
_/mnt/c/Users/mamerric/Code/azure-container-networking/ipam/pool.go:253.8,255.3 1 0
_/mnt/c/Users/mamerric/Code/azure-container-networking/ipam/pool.go:278.77,280.15 2 7
_/mnt/c/Users/mamerric/Code/azure-container-networking/ipam/pool.go:284.2,284.16 1 6
_/mnt/c/Users/mamerric/Code/azure-container-networking/ipam/pool.go:280.15,282.3 1 1
_/mnt/c/Users/mamerric/Code/azure-container-networking/ipam/pool.go:288.128,294.18 4 5
_/mnt/c/Users/mamerric/Code/azure-container-networking/ipam/pool.go:351.2,351.15 1 5
_/mnt/c/Users/mamerric/Code/azure-container-networking/ipam/pool.go:355.2,357.16 2 5
_/mnt/c/Users/mamerric/Code/azure-container-networking/ipam/pool.go:294.18,298.16 2 1
_/mnt/c/Users/mamerric/Code/azure-container-networking/ipam/pool.go:298.16,300.4 1 0
_/mnt/c/Users/mamerric/Code/azure-container-networking/ipam/pool.go:301.8,305.33 2 4
_/mnt/c/Users/mamerric/Code/azure-container-networking/ipam/pool.go:346.3,346.16 1 4
_/mnt/c/Users/mamerric/Code/azure-container-networking/ipam/pool.go:305.33,309.22 2 8
_/mnt/c/Users/mamerric/Code/azure-container-networking/ipam/pool.go:315.4,315.25 1 7
_/mnt/c/Users/mamerric/Code/azure-container-networking/ipam/pool.go:321.4,321.45 1 7
_/mnt/c/Users/mamerric/Code/azure-container-networking/ipam/pool.go:326.4,328.17 2 7
_/mnt/c/Users/mamerric/Code/azure-container-networking/ipam/pool.go:334.4,334.35 1 3
_/mnt/c/Users/mamerric/Code/azure-container-networking/ipam/pool.go:340.4,340.47 1 3
_/mnt/c/Users/mamerric/Code/azure-container-networking/ipam/pool.go:309.22,311.13 2 1
_/mnt/c/Users/mamerric/Code/azure-container-networking/ipam/pool.go:315.25,317.13 2 0
_/mnt/c/Users/mamerric/Code/azure-container-networking/ipam/pool.go:321.45,323.13 2 0
_/mnt/c/Users/mamerric/Code/azure-container-networking/ipam/pool.go:328.17,330.13 2 4
_/mnt/c/Users/mamerric/Code/azure-container-networking/ipam/pool.go:334.35,337.5 2 0
_/mnt/c/Users/mamerric/Code/azure-container-networking/ipam/pool.go:340.47,343.5 2 1
_/mnt/c/Users/mamerric/Code/azure-container-networking/ipam/pool.go:346.16,348.4 1 0
_/mnt/c/Users/mamerric/Code/azure-container-networking/ipam/pool.go:351.15,353.3 1 5
_/mnt/c/Users/mamerric/Code/azure-container-networking/ipam/pool.go:361.58,367.9 4 6
_/mnt/c/Users/mamerric/Code/azure-container-networking/ipam/pool.go:375.2,375.16 1 6
_/mnt/c/Users/mamerric/Code/azure-container-networking/ipam/pool.go:380.2,383.42 2 5
_/mnt/c/Users/mamerric/Code/azure-container-networking/ipam/pool.go:388.2,388.12 1 5
_/mnt/c/Users/mamerric/Code/azure-container-networking/ipam/pool.go:367.9,369.3 1 0
_/mnt/c/Users/mamerric/Code/azure-container-networking/ipam/pool.go:369.8,370.20 1 6
_/mnt/c/Users/mamerric/Code/azure-container-networking/ipam/pool.go:370.20,372.4 1 1
_/mnt/c/Users/mamerric/Code/azure-container-networking/ipam/pool.go:375.16,378.3 2 1
_/mnt/c/Users/mamerric/Code/azure-container-networking/ipam/pool.go:383.42,386.3 2 0
_/mnt/c/Users/mamerric/Code/azure-container-networking/ipam/pool.go:395.51,399.34 3 0
_/mnt/c/Users/mamerric/Code/azure-container-networking/ipam/pool.go:408.2,418.13 2 0
_/mnt/c/Users/mamerric/Code/azure-container-networking/ipam/pool.go:399.34,400.16 1 0
_/mnt/c/Users/mamerric/Code/azure-container-networking/ipam/pool.go:403.3,403.19 1 0
_/mnt/c/Users/mamerric/Code/azure-container-networking/ipam/pool.go:400.16,402.4 1 0
_/mnt/c/Users/mamerric/Code/azure-container-networking/ipam/pool.go:403.19,405.4 1 0
_/mnt/c/Users/mamerric/Code/azure-container-networking/ipam/pool.go:422.39,424.2 1 15
_/mnt/c/Users/mamerric/Code/azure-container-networking/ipam/pool.go:427.79,430.32 2 18
_/mnt/c/Users/mamerric/Code/azure-container-networking/ipam/pool.go:434.2,435.8 2 18
_/mnt/c/Users/mamerric/Code/azure-container-networking/ipam/pool.go:439.2,446.16 3 18
_/mnt/c/Users/mamerric/Code/azure-container-networking/ipam/pool.go:430.32,432.3 1 0
_/mnt/c/Users/mamerric/Code/azure-container-networking/ipam/pool.go:435.8,437.3 1 0
_/mnt/c/Users/mamerric/Code/azure-container-networking/ipam/pool.go:450.98,457.15 6 7
_/mnt/c/Users/mamerric/Code/azure-container-networking/ipam/pool.go:459.2,459.19 1 7
_/mnt/c/Users/mamerric/Code/azure-container-networking/ipam/pool.go:485.2,485.15 1 5
_/mnt/c/Users/mamerric/Code/azure-container-networking/ipam/pool.go:498.2,498.14 1 5
_/mnt/c/Users/mamerric/Code/azure-container-networking/ipam/pool.go:506.2,511.27 2 5
_/mnt/c/Users/mamerric/Code/azure-container-networking/ipam/pool.go:457.15,457.100 1 7
_/mnt/c/Users/mamerric/Code/azure-container-networking/ipam/pool.go:459.19,462.16 2 5
_/mnt/c/Users/mamerric/Code/azure-container-networking/ipam/pool.go:466.3,466.15 1 3
_/mnt/c/Users/mamerric/Code/azure-container-networking/ipam/pool.go:462.16,465.4 2 2
_/mnt/c/Users/mamerric/Code/azure-container-networking/ipam/pool.go:466.15,468.31 1 0
_/mnt/c/Users/mamerric/Code/azure-container-networking/ipam/pool.go:468.31,471.5 2 0
_/mnt/c/Users/mamerric/Code/azure-container-networking/ipam/pool.go:473.8,473.61 1 2
_/mnt/c/Users/mamerric/Code/azure-container-networking/ipam/pool.go:473.61,479.3 2 0
_/mnt/c/Users/mamerric/Code/azure-container-networking/ipam/pool.go:479.8,479.21 1 2
_/mnt/c/Users/mamerric/Code/azure-container-networking/ipam/pool.go:479.21,482.3 1 0
_/mnt/c/Users/mamerric/Code/azure-container-networking/ipam/pool.go:485.15,486.34 1 2
_/mnt/c/Users/mamerric/Code/azure-container-networking/ipam/pool.go:493.3,493.16 1 2
_/mnt/c/Users/mamerric/Code/azure-container-networking/ipam/pool.go:486.34,487.32 1 3
_/mnt/c/Users/mamerric/Code/azure-container-networking/ipam/pool.go:490.4,490.12 1 1
_/mnt/c/Users/mamerric/Code/azure-container-networking/ipam/pool.go:487.32,488.10 1 2
_/mnt/c/Users/mamerric/Code/azure-container-networking/ipam/pool.go:493.16,495.4 1 0
_/mnt/c/Users/mamerric/Code/azure-container-networking/ipam/pool.go:498.14,501.3 2 0
_/mnt/c/Users/mamerric/Code/azure-container-networking/ipam/pool.go:501.8,503.3 1 5
_/mnt/c/Users/mamerric/Code/azure-container-networking/ipam/pool.go:515.88,521.15 5 2
_/mnt/c/Users/mamerric/Code/azure-container-networking/ipam/pool.go:523.2,523.20 1 2
_/mnt/c/Users/mamerric/Code/azure-container-networking/ipam/pool.go:527.2,527.19 1 2
_/mnt/c/Users/mamerric/Code/azure-container-networking/ipam/pool.go:544.2,544.44 1 2
_/mnt/c/Users/mamerric/Code/azure-container-networking/ipam/pool.go:549.2,549.15 1 2
_/mnt/c/Users/mamerric/Code/azure-container-networking/ipam/pool.go:554.2,556.29 2 2
_/mnt/c/Users/mamerric/Code/azure-container-networking/ipam/pool.go:562.2,562.28 1 2
_/mnt/c/Users/mamerric/Code/azure-container-networking/ipam/pool.go:567.2,567.12 1 2
_/mnt/c/Users/mamerric/Code/azure-container-networking/ipam/pool.go:521.15,521.103 1 2
_/mnt/c/Users/mamerric/Code/azure-container-networking/ipam/pool.go:523.20,525.3 1 0
_/mnt/c/Users/mamerric/Code/azure-container-networking/ipam/pool.go:527.19,532.50 2 2
_/mnt/c/Users/mamerric/Code/azure-container-networking/ipam/pool.go:532.50,534.4 1 0
_/mnt/c/Users/mamerric/Code/azure-container-networking/ipam/pool.go:535.8,535.21 1 0
_/mnt/c/Users/mamerric/Code/azure-container-networking/ipam/pool.go:535.21,538.16 2 0
_/mnt/c/Users/mamerric/Code/azure-container-networking/ipam/pool.go:538.16,540.4 1 0
_/mnt/c/Users/mamerric/Code/azure-container-networking/ipam/pool.go:544.44,547.3 2 0
_/mnt/c/Users/mamerric/Code/azure-container-networking/ipam/pool.go:549.15,552.3 2 0
_/mnt/c/Users/mamerric/Code/azure-container-networking/ipam/pool.go:556.29,559.3 2 0
_/mnt/c/Users/mamerric/Code/azure-container-networking/ipam/pool.go:562.28,565.3 2 0
